2023-09-01 10:30:02,800 INFO o.s.b.StartupInfoLogger [main] Starting ProductServiceApplication using Java 17.0.7 with PID 28214 (/home/makdad/Desktop/SpringBoot/microservice-parent/product-service/target/classes started by makdad in /home/makdad/Desktop/SpringBoot/microservice-parent)
2023-09-01 10:30:02,803 INFO o.s.b.SpringApplication [main] No active profile set, falling back to 1 default profile: "default"
2023-09-01 10:30:03,287 INFO o.s.d.r.c.RepositoryConfigurationDelegate [main] Bootstrapping Spring Data JPA repositories in DEFAULT mode.
2023-09-01 10:30:03,391 INFO o.s.d.r.c.RepositoryConfigurationDelegate [main] Finished Spring Data repository scanning in 98 ms. Found 1 JPA repository interfaces.
2023-09-01 10:30:03,796 INFO o.s.b.w.e.t.TomcatWebServer [main] Tomcat initialized with port(s): 8082 (http)
2023-09-01 10:30:03,803 INFO o.a.j.l.DirectJDKLog [main] Initializing ProtocolHandler ["http-nio-8082"]
2023-09-01 10:30:03,805 INFO o.a.j.l.DirectJDKLog [main] Starting service [Tomcat]
2023-09-01 10:30:03,806 INFO o.a.j.l.DirectJDKLog [main] Starting Servlet engine: [Apache Tomcat/10.1.12]
2023-09-01 10:30:03,879 INFO o.a.j.l.DirectJDKLog [main] Initializing Spring embedded WebApplicationContext
2023-09-01 10:30:03,881 INFO o.s.b.w.s.c.ServletWebServerApplicationContext [main] Root WebApplicationContext: initialization completed in 1037 ms
2023-09-01 10:30:03,994 INFO o.f.c.i.l.s.Slf4jLog [main] Flyway Community Edition 9.5.1 by Redgate
2023-09-01 10:30:03,994 INFO o.f.c.i.l.s.Slf4jLog [main] See what's new here: https://flywaydb.org/documentation/learnmore/releaseNotes#9.5.1
2023-09-01 10:30:03,995 INFO o.f.c.i.l.s.Slf4jLog [main] 
2023-09-01 10:30:04,205 INFO o.f.c.i.l.s.Slf4jLog [main] Database: jdbc:postgresql://localhost:5432/product-service (PostgreSQL 12.16)
2023-09-01 10:30:04,249 INFO o.f.c.i.l.s.Slf4jLog [main] Successfully validated 2 migrations (execution time 00:00.021s)
2023-09-01 10:30:04,275 INFO o.f.c.i.l.s.Slf4jLog [main] Current version of schema "public": 1.0.0
2023-09-01 10:30:04,276 INFO o.f.c.i.l.s.Slf4jLog [main] Schema "public" is up to date. No migration necessary.
2023-09-01 10:30:04,329 INFO o.h.j.i.u.LogHelper [main] HHH000204: Processing PersistenceUnitInfo [name: default]
2023-09-01 10:30:04,354 INFO o.h.Version [main] HHH000412: Hibernate ORM core version 6.1.7.Final
2023-09-01 10:30:04,521 INFO c.z.h.HikariDataSource [main] HikariPool-1 - Starting...
2023-09-01 10:30:04,544 INFO c.z.h.p.HikariPool [main] HikariPool-1 - Added connection org.postgresql.jdbc.PgConnection@7bdb4f17
2023-09-01 10:30:04,546 INFO c.z.h.HikariDataSource [main] HikariPool-1 - Start completed.
2023-09-01 10:30:04,565 INFO o.h.e.j.d.i.DialectFactoryImpl [main] HHH000400: Using dialect: org.hibernate.dialect.PostgreSQLDialect
2023-09-01 10:30:05,038 INFO o.h.e.t.j.p.i.JtaPlatformInitiator [main] HHH000490: Using JtaPlatform implementation: [org.hibernate.engine.transaction.jta.platform.internal.NoJtaPlatform]
2023-09-01 10:30:05,044 INFO o.s.o.j.AbstractEntityManagerFactoryBean [main] Initialized JPA EntityManagerFactory for persistence unit 'default'
2023-09-01 10:30:05,264 WARN o.s.b.a.o.j.JpaBaseConfiguration$JpaWebConfiguration [main] spring.jpa.open-in-view is enabled by default. Therefore, database queries may be performed during view rendering. Explicitly configure spring.jpa.open-in-view to disable this warning
2023-09-01 10:30:05,493 INFO o.a.j.l.DirectJDKLog [main] Starting ProtocolHandler ["http-nio-8082"]
2023-09-01 10:30:05,504 INFO o.s.b.w.e.t.TomcatWebServer [main] Tomcat started on port(s): 8082 (http) with context path ''
2023-09-01 10:30:05,511 INFO o.s.b.StartupInfoLogger [main] Started ProductServiceApplication in 4.153 seconds (process running for 4.566)
2023-09-01 11:44:25,193 INFO o.s.o.j.AbstractEntityManagerFactoryBean [SpringApplicationShutdownHook] Closing JPA EntityManagerFactory for persistence unit 'default'
2023-09-01 11:44:25,234 INFO c.z.h.HikariDataSource [SpringApplicationShutdownHook] HikariPool-1 - Shutdown initiated...
2023-09-01 11:44:25,259 INFO c.z.h.HikariDataSource [SpringApplicationShutdownHook] HikariPool-1 - Shutdown completed.
